[03:42:32] [main/INFO]: Loading Minecraft 1.21.5 with Fabric Loader 0.16.14
[03:42:33] [main/WARN]: Warnings were found!
 - Mod 'Forge Config API Port' (forgeconfigapiport) 21.5.1 recommends any version of modmenu, which is missing!
	 - You should install any version of modmenu for the optimal experience.
[03:42:33] [main/INFO]: Loading 84 mods:
	- appleskin 3.0.6+mc1.21.5
	   \-- cloth-config 18.0.145
	        \-- cloth-basic-math 0.6.1
	- balm 21.5.19
	   \-- kuma_api 21.5.2
	- comforts 11.0.0+1.21.5
	   |-- cardinal-components-base 6.3.1
	   |-- cardinal-components-entity 6.3.1
	   \-- spectrelib 0.17.2+1.21
	- explorations 1.21.5-1.6.2
	- explorify 1.6.2
	- fabric-api 0.128.1+1.21.5
	   |-- fabric-api-base 0.4.62+73a52b4b49
	   |-- fabric-api-lookup-api-v1 1.6.96+86c3a9f149
	   |-- fabric-biome-api-v1 16.0.7+2dd063df49
	   |-- fabric-block-api-v1 1.1.0+ed91556f49
	   |-- fabric-block-view-api-v2 1.0.26+aa6d566c49
	   |-- fabric-blockrenderlayer-v1 2.0.16+86c3a9f149
	   |-- fabric-client-tags-api-v1 1.1.37+86c3a9f149
	   |-- fabric-command-api-v1 1.2.70+f71b366f49
	   |-- fabric-command-api-v2 2.2.49+73a52b4b49
	   |-- fabric-commands-v0 0.2.87+df3654b349
	   |-- fabric-content-registries-v0 10.0.14+3e6c1f7d49
	   |-- fabric-convention-tags-v1 2.1.33+7f945d5b49
	   |-- fabric-convention-tags-v2 2.15.2+6d9989f349
	   |-- fabric-crash-report-info-v1 0.3.12+86c3a9f149
	   |-- fabric-data-attachment-api-v1 1.8.5+6d9989f349
	   |-- fabric-data-generation-api-v1 22.5.2+a0fab30c49
	   |-- fabric-dimensions-v1 4.0.17+3e6c1f7d49
	   |-- fabric-entity-events-v1 2.1.0+3ce7866349
	   |-- fabric-events-interaction-v0 4.0.15+64e3057949
	   |-- fabric-game-rule-api-v1 1.0.70+c327076a49
	   |-- fabric-item-api-v1 11.4.1+e46fd76a49
	   |-- fabric-item-group-api-v1 4.2.9+3459fc6149
	   |-- fabric-key-binding-api-v1 1.0.63+ecf51cdc49
	   |-- fabric-keybindings-v0 0.2.61+df3654b349
	   |-- fabric-lifecycle-events-v1 2.6.0+230071a049
	   |-- fabric-loot-api-v2 3.0.48+3f89f5a549
	   |-- fabric-loot-api-v3 1.0.36+86c3a9f149
	   |-- fabric-message-api-v1 6.1.0+fe971bba49
	   |-- fabric-model-loading-api-v1 5.2.3+5281b90749
	   |-- fabric-networking-api-v1 4.5.0+775be32c49
	   |-- fabric-object-builder-api-v1 21.1.2+b8d6ba7049
	   |-- fabric-particles-v1 4.1.2+112e550e49
	   |-- fabric-recipe-api-v1 8.1.8+3235ab3249
	   |-- fabric-registry-sync-v0 6.1.22+cd64004349
	   |-- fabric-renderer-api-v1 6.1.2+bdf4842249
	   |-- fabric-renderer-indigo 3.1.2+5281b90749
	   |-- fabric-rendering-data-attachment-v1 0.3.64+73761d2e49
	   |-- fabric-rendering-fluids-v1 3.1.27+86c3a9f149
	   |-- fabric-rendering-v1 11.3.0+a272b33849
	   |-- fabric-resource-conditions-api-v1 5.0.21+73a52b4b49
	   |-- fabric-resource-loader-v0 3.1.7+847e5f5c49
	   |-- fabric-screen-api-v1 2.0.46+86c3a9f149
	   |-- fabric-screen-handler-api-v1 1.3.129+c327076a49
	   |-- fabric-sound-api-v1 1.0.38+86c3a9f149
	   |-- fabric-tag-api-v1 1.0.17+ecf51cdc49
	   |-- fabric-transfer-api-v1 5.4.24+7b20cbb049
	   \-- fabric-transitive-access-wideners-v1 6.3.17+f17a180c49
	- fabric-language-kotlin 1.13.4+kotlin.2.2.0
	   |-- org_jetbrains_kotlin_kotlin-reflect 2.2.0
	   |-- org_jetbrains_kotlin_kotlin-stdlib 2.2.0
	   |-- org_jetbrains_kotlin_kotlin-stdlib-jdk7 2.2.0
	   |-- org_jetbrains_kotlin_kotlin-stdlib-jdk8 2.2.0
	   |-- org_jetbrains_kotlinx_atomicfu-jvm 0.28.0
	   |-- org_jetbrains_kotlinx_kotlinx-coroutines-core-jvm 1.10.2
	   |-- org_jetbrains_kotlinx_kotlinx-coroutines-jdk8 1.10.2
	   |-- org_jetbrains_kotlinx_kotlinx-datetime-jvm 0.6.2
	   |-- org_jetbrains_kotlinx_kotlinx-io-bytestring-jvm 0.7.0
	   |-- org_jetbrains_kotlinx_kotlinx-io-core-jvm 0.7.0
	   |-- org_jetbrains_kotlinx_kotlinx-serialization-cbor-jvm 1.8.1
	   |-- org_jetbrains_kotlinx_kotlinx-serialization-core-jvm 1.8.1
	   \-- org_jetbrains_kotlinx_kotlinx-serialization-json-jvm 1.8.1
	- fabricloader 0.16.14
	   \-- mixinextras 0.4.1
	- forgeconfigapiport 21.5.1
	   |-- com_electronwill_night-config_core 3.8.1
	   \-- com_electronwill_night-config_toml 3.8.1
	- fzzy_config 0.7.1+1.21.5
	   |-- blue_endless_jankson 1.2.3
	   |-- fabric-permissions-api-v0 0.3.3
	   \-- net_peanuuutz_tomlkt_tomlkt-jvm 0.3.7
	- hopobetterruinedportal 1.4.6
	- hopobetterunderwaterruins 1.2.3
	- java 21
	- minecraft 1.21.5
	- mr_dungeons_andtaverns 1-v4.7.3
	- mr_lukis_grandcapitals 1.1.2
	- mr_tidal_towns 1.3.4
	- philipsruins 1.21.4
	- storagedrawers 16.0.2
	- unwrecked_ships_plus 2.0.6
	- voicechat 1.21.5-2.5.35
	   |-- fabric-key-binding-api-v1 1.0.63+ecf51cdc07
	   \-- fabric-rendering-v1 11.1.11+081cc04307
	- waystones 21.5.8
[03:42:33] [main/INFO]: SpongePowered MIXIN Subsystem Version=0.8.7 Source=file:/workspaces/literate-octo-meme/servidor_minecraft/libraries/net/fabricmc/sponge-mixin/0.15.5+mixin.0.8.7/sponge-mixin-0.15.5+mixin.0.8.7.jar Service=Knot/Fabric Env=SERVER
[03:42:33] [main/INFO]: Compatibility level set to JAVA_21
[03:42:33] [main/WARN]: Reference map 'forgeconfigapiport.common.refmap.json' for forgeconfigapiport.common.mixins.json could not be read. If this is a development environment you can ignore this message
[03:42:34] [main/INFO]: Initializing MixinExtras via com.llamalad7.mixinextras.service.MixinExtrasServiceImpl(version=0.4.1).
[03:42:41] [main/INFO]: [STDOUT]: Running Fabric.
[03:42:41] [main/INFO]: New compacting rule 4 minecraft:clay_ball = 1 minecraft:clay
[03:42:41] [main/INFO]: New compacting rule 4 minecraft:snowball = 1 minecraft:snow_block
[03:42:41] [main/INFO]: New compacting rule 4 minecraft:glowstone_dust = 1 minecraft:glowstone
[03:42:41] [main/INFO]: New compacting rule 4 minecraft:brick = 1 minecraft:bricks
[03:42:41] [main/INFO]: New compacting rule 4 minecraft:nether_brick = 1 minecraft:nether_bricks
[03:42:41] [main/INFO]: New compacting rule 9 minecraft:nether_wart = 1 minecraft:nether_wart_block
[03:42:41] [main/INFO]: New compacting rule 4 minecraft:quartz = 1 minecraft:quartz_block
[03:42:41] [main/INFO]: New compacting rule 9 minecraft:melon_slice = 1 minecraft:melon
[03:42:41] [main/INFO]: New compacting rule 4 minecraft:clay_ball = 1 minecraft:clay
[03:42:41] [main/INFO]: [voicechat] Compatibility version 18
[03:42:42] [main/INFO]: [voicechat] Loading plugins
[03:42:42] [main/INFO]: [voicechat] Loaded 0 plugin(s)
[03:42:42] [main/INFO]: [voicechat] Initializing plugins
[03:42:42] [main/INFO]: [voicechat] Initialized 0 plugin(s)
[03:42:42] [main/INFO]: Environment: Environment[sessionHost=https://sessionserver.mojang.com, servicesHost=https://api.minecraftservices.com, name=PROD]
[03:42:44] [Worker-Main-1/ERROR]: Couldn't parse data file 'storagedrawers:personal_key_cofh' from 'storagedrawers:recipe/personal_key_cofh.json': DataResult.Error['Failed to parse either. First: Not a JSON object: "#cofh_core:crafting/locks"; Second: Missing tag: 'cofh_core:crafting/locks' in 'minecraft:item'': net.minecraft.class_1867@1080c517]
[03:42:45] [main/INFO]: Loaded 1610 recipes
[03:42:45] [main/INFO]: Loaded 1707 advancements
[03:42:45] [main/WARN]: Recipe comforts:shapeless_rope_and_nail can't be placed due to empty ingredients and will be ignored
[03:42:45] [main/INFO]: Applied 95 biome modifications to 64 of 65 new biomes in 17.90 ms
[03:42:45] [Server thread/INFO]: Config 'explorations.json' was successfully loaded.
[03:42:45] [Server thread/INFO]: Added statues to vanilla villages
[03:42:45] [Server thread/INFO]: Starting minecraft server version 1.21.5
[03:42:45] [Server thread/INFO]: Loading properties
[03:42:45] [Server thread/INFO]: Default game type: SURVIVAL
[03:42:45] [Server thread/INFO]: Generating keypair
[03:42:45] [Server thread/INFO]: Starting Minecraft server on *:25565
[03:42:45] [Server thread/INFO]: Using epoll channel type
[03:42:45] [Server thread/WARN]: **** SERVER IS RUNNING IN OFFLINE/INSECURE MODE!
[03:42:45] [Server thread/WARN]: The server will make no attempt to authenticate usernames. Beware.
[03:42:45] [Server thread/WARN]: While this makes the game possible to play without internet access, it also opens up the ability for hackers to connect with any username they choose.
[03:42:45] [Server thread/WARN]: To change this, set "online-mode" to "true" in the server.properties file.
[03:42:45] [Server thread/INFO]: Preparing level "world"
[03:42:46] [Server thread/INFO]: Preparing start region for dimension minecraft:overworld
[03:42:53] [Worker-Main-3/INFO]: Preparing spawn area: 0%
[03:42:53] [Worker-Main-3/INFO]: Preparing spawn area: 0%
[03:42:53] [Worker-Main-3/INFO]: Preparing spawn area: 0%
[03:42:53] [Worker-Main-3/INFO]: Preparing spawn area: 0%
[03:42:53] [Worker-Main-3/INFO]: Preparing spawn area: 0%
[03:42:53] [Worker-Main-3/INFO]: Preparing spawn area: 0%
[03:42:53] [Worker-Main-3/INFO]: Preparing spawn area: 0%
[03:42:53] [Worker-Main-3/INFO]: Preparing spawn area: 0%
[03:42:53] [Worker-Main-3/INFO]: Preparing spawn area: 0%
[03:42:53] [Worker-Main-3/INFO]: Preparing spawn area: 0%
[03:42:53] [Worker-Main-3/INFO]: Preparing spawn area: 0%
[03:42:53] [Worker-Main-3/INFO]: Preparing spawn area: 0%
[03:42:53] [Worker-Main-3/INFO]: Preparing spawn area: 0%
[03:42:53] [Worker-Main-3/INFO]: Preparing spawn area: 0%
[03:42:53] [Worker-Main-3/INFO]: Preparing spawn area: 0%
[03:42:53] [Server thread/INFO]: Time elapsed: 7349 ms
[03:42:53] [Server thread/INFO]: Done (7.820s)! For help, type "help"
[03:42:53] [Server thread/WARN]: [voicechat] Running in offline mode - Voice chat encryption is not secure!
[03:42:53] [VoiceChatServerThread/INFO]: [voicechat] Voice host is 'higher-glance.gl.at.ply.gg:2467'
[03:42:53] [VoiceChatServerThread/INFO]: [voicechat] Voice chat server started at port 2467
[03:43:01] [Server thread/INFO]: Gustrap[/127.246.47.94:46199] logged in with entity id 89 at (-3.411178580015055, 96.0, 10.166996486086552)
[03:43:01] [Server thread/INFO]: [voicechat] Using Fabric Permissions API
[03:43:01] [Server thread/INFO]: Gustrap joined the game
[03:43:02] [Server thread/INFO]: [voicechat] Received secret request of Gustrap (18)
[03:43:02] [Server thread/INFO]: [voicechat] Sent secret to Gustrap
[03:43:02] [VoiceChatPacketProcessingThread/INFO]: [voicechat] Successfully authenticated player d89722eb-6255-3fc6-832a-dc3bb9d41252
[03:43:03] [VoiceChatPacketProcessingThread/INFO]: [voicechat] Successfully validated connection of player d89722eb-6255-3fc6-832a-dc3bb9d41252
[03:43:03] [VoiceChatPacketProcessingThread/INFO]: [voicechat] Player Gustrap (d89722eb-6255-3fc6-832a-dc3bb9d41252) successfully connected to voice chat
[03:45:00] [Worker-Main-1/ERROR]: Block-attached entity at invalid position: class_2338{x=216, y=47, z=211}
[03:45:30] [Server thread/INFO]: Gustrap lost connection: Disconnected
[03:45:30] [Server thread/INFO]: Gustrap left the game
[03:45:30] [Server thread/INFO]: [voicechat] Disconnecting client Gustrap
[03:46:30] [Server thread/INFO]: Server empty for 60 seconds, pausing
